<?xml version="1.0" encoding="UTF-8"?>
<testsuite xmlns:xsi="http://www.w3.org/2001/XMLSchema-instance" xsi:noNamespaceSchemaLocation="https://maven.apache.org/surefire/maven-surefire-plugin/xsd/surefire-test-report.xsd" version="3.0.2" name="com.order_now.demo.OrderNowApplicationTests" time="16.729" tests="1" errors="0" skipped="0" failures="0">
  <properties>
[...]
</properties>
  <testcase name="contextLoads" classname="com.order_now.demo.OrderNowApplicationTests" time="2.145">
    <system-out><![CDATA[13:42:59.439 [main] INFO org.springframework.test.context.support.AnnotationConfigContextLoaderUtils -- Could not detect default configuration classes for test class [com.order_now.demo.OrderNowApplicationTests]: OrderNowApplicationTests does not declare any static, non-private, non-final, nested classes annotated with @Configuration.
13:42:59.881 [main] INFO org.springframework.boot.test.context.SpringBootTestContextBootstrapper -- Found @SpringBootConfiguration com.order_now.demo.OrderNowApplication for test class com.order_now.demo.OrderNowApplicationTests
13:43:00.594 [main] INFO org.springframework.boot.devtools.restart.RestartApplicationListener -- Restart disabled due to context in which it is running

  .   ____          _            __ _ _
 /\\ / ___'_ __ _ _(_)_ __  __ _ \ \ \ \
( ( )\___ | '_ | '_| | '_ \/ _` | \ \ \ \
 \\/  ___)| |_)| | | | | || (_| |  ) ) ) )
  '  |____| .__|_| |_|_| |_\__, | / / / /
 =========|_|==============|___/=/_/_/_/

 :: Spring Boot ::                (v3.4.0)

2024-12-09T13:43:01.368-03:00  INFO 3112 --- [OrderNow] [           main] c.o.demo.OrderNowApplicationTests        : Starting OrderNowApplicationTests using Java 17.0.13 with PID 3112 (started by cohabcp in C:\Users\cohabcp\Documents\Projects\order_now)
2024-12-09T13:43:01.375-03:00  INFO 3112 --- [OrderNow] [           main] c.o.demo.OrderNowApplicationTests        : No active profile set, falling back to 1 default profile: "default"
2024-12-09T13:43:03.632-03:00  INFO 3112 --- [OrderNow] [           main] .s.d.r.c.RepositoryConfigurationDelegate : Bootstrapping Spring Data JPA repositories in DEFAULT mode.
2024-12-09T13:43:03.787-03:00  INFO 3112 --- [OrderNow] [           main] .s.d.r.c.RepositoryConfigurationDelegate : Finished Spring Data repository scanning in 129 ms. Found 1 JPA repository interface.
2024-12-09T13:43:05.164-03:00  INFO 3112 --- [OrderNow] [           main] o.hibernate.jpa.internal.util.LogHelper  : HHH000204: Processing PersistenceUnitInfo [name: default]
2024-12-09T13:43:05.399-03:00  INFO 3112 --- [OrderNow] [           main] org.hibernate.Version                    : HHH000412: Hibernate ORM core version 6.6.2.Final
2024-12-09T13:43:05.541-03:00  INFO 3112 --- [OrderNow] [           main] o.h.c.internal.RegionFactoryInitiator    : HHH000026: Second-level cache disabled
2024-12-09T13:43:06.526-03:00  INFO 3112 --- [OrderNow] [           main] o.s.o.j.p.SpringPersistenceUnitInfo      : No LoadTimeWeaver setup: ignoring JPA class transformer
2024-12-09T13:43:06.642-03:00  INFO 3112 --- [OrderNow] [           main] com.zaxxer.hikari.HikariDataSource       : HikariPool-1 - Starting...
2024-12-09T13:43:07.141-03:00  INFO 3112 --- [OrderNow] [           main] com.zaxxer.hikari.pool.HikariPool        : HikariPool-1 - Added connection org.postgresql.jdbc.PgConnection@6ea66c33
2024-12-09T13:43:07.146-03:00  INFO 3112 --- [OrderNow] [           main] com.zaxxer.hikari.HikariDataSource       : HikariPool-1 - Start completed.
2024-12-09T13:43:07.246-03:00  WARN 3112 --- [OrderNow] [           main] org.hibernate.orm.deprecation            : HHH90000025: PostgreSQLDialect does not need to be specified explicitly using 'hibernate.dialect' (remove the property setting and it will be selected by default)
2024-12-09T13:43:07.330-03:00  INFO 3112 --- [OrderNow] [           main] org.hibernate.orm.connections.pooling    : HHH10001005: Database info:
	Database JDBC URL [Connecting through datasource 'HikariDataSource (HikariPool-1)']
	Database driver: undefined/unknown
	Database version: 17.0
	Autocommit mode: undefined/unknown
	Isolation level: undefined/unknown
	Minimum pool size: undefined/unknown
	Maximum pool size: undefined/unknown
2024-12-09T13:43:10.030-03:00  INFO 3112 --- [OrderNow] [           main] o.h.e.t.j.p.i.JtaPlatformInitiator       : HHH000489: No JTA platform available (set 'hibernate.transaction.jta.platform' to enable JTA platform integration)
2024-12-09T13:43:10.036-03:00  INFO 3112 --- [OrderNow] [           main] j.LocalContainerEntityManagerFactoryBean : Initialized JPA EntityManagerFactory for persistence unit 'default'
2024-12-09T13:43:10.783-03:00  INFO 3112 --- [OrderNow] [           main] o.s.d.j.r.query.QueryEnhancerFactory     : Hibernate is in classpath; If applicable, HQL parser will be used.
2024-12-09T13:43:12.123-03:00  WARN 3112 --- [OrderNow] [           main] JpaBaseConfiguration$JpaWebConfiguration : spring.jpa.open-in-view is enabled by default. Therefore, database queries may be performed during view rendering. Explicitly configure spring.jpa.open-in-view to disable this warning
2024-12-09T13:43:13.400-03:00  INFO 3112 --- [OrderNow] [           main] c.o.demo.OrderNowApplicationTests        : Started OrderNowApplicationTests in 12.838 seconds (process running for 16.925)
]]></system-out>
  </testcase>
</testsuite>